\BOOKMARK [0][-]{chapter*.1}{\376\377\000Z\000u\000s\000a\000m\000m\000e\000n\000f\000a\000s\000s\000u\000n\000g}{}% 1
\BOOKMARK [0][-]{chapter*.3}{\376\377\000V\000o\000r\000w\000o\000r\000t}{}% 2
\BOOKMARK [-1][-]{part.1}{\376\377\000I\000\040\000G\000r\000u\000n\000d\000l\000a\000g\000e\000n}{}% 3
\BOOKMARK [0][-]{chapter.1}{\376\377\0001\000\040\000D\000i\000e\000\040\000u\000n\000v\000e\000r\000m\000e\000i\000d\000l\000i\000c\000h\000e\000\040\000e\000r\000s\000t\000e\000\040\000U\000n\000t\000e\000r\000s\000c\000h\000e\000i\000d\000u\000n\000g}{part.1}% 4
\BOOKMARK [1][-]{section.1.1}{\376\377\0001\000.\0001\000\040\000D\000a\000s\000\040\000P\000r\000o\000b\000l\000e\000m\000\040\000d\000e\000r\000\040\000A\000x\000i\000o\000m\000e\000\040\000i\000n\000\040\000d\000e\000r\000\040\000P\000h\000y\000s\000i\000k}{chapter.1}% 5
\BOOKMARK [2][-]{subsection.1.1.1}{\376\377\0001\000.\0001\000.\0001\000\040\000D\000e\000r\000\040\000T\000r\000a\000u\000m\000\040\000v\000o\000m\000\040\000a\000x\000i\000o\000m\000a\000t\000i\000s\000c\000h\000e\000n\000\040\000A\000b\000s\000c\000h\000l\000u\000s\000s}{section.1.1}% 6
\BOOKMARK [1][-]{section.1.2}{\376\377\0001\000.\0002\000\040\000D\000i\000e\000\040\000U\000n\000v\000e\000r\000m\000e\000i\000d\000b\000a\000r\000k\000e\000i\000t\000\040\000v\000o\000n\000\040\000U\000n\000t\000e\000r\000s\000c\000h\000e\000i\000d\000u\000n\000g}{chapter.1}% 7
\BOOKMARK [2][-]{subsection.1.2.1}{\376\377\0001\000.\0002\000.\0001\000\040\000D\000i\000e\000\040\000S\000t\000r\000u\000k\000t\000u\000r\000\040\000d\000e\000r\000\040\000L\000e\000u\000g\000n\000u\000n\000g}{section.1.2}% 8
\BOOKMARK [2][-]{subsection.1.2.2}{\376\377\0001\000.\0002\000.\0002\000\040\000D\000e\000r\000\040\000W\000i\000t\000t\000g\000e\000n\000s\000t\000e\000i\000n\000s\000c\000h\000e\000\040\000H\000i\000n\000t\000e\000r\000g\000r\000u\000n\000d}{section.1.2}% 9
\BOOKMARK [2][-]{subsection.1.2.3}{\376\377\0001\000.\0002\000.\0003\000\040\000V\000e\000r\000g\000l\000e\000i\000c\000h\000\040\000m\000i\000t\000\040\000a\000n\000d\000e\000r\000e\000n\000\040\040\036\000e\000r\000s\000t\000e\000n\000\040\000P\000r\000i\000n\000z\000i\000p\000i\000e\000n\040\034}{section.1.2}% 10
\BOOKMARK [1][-]{section.1.3}{\376\377\0001\000.\0003\000\040\000V\000o\000n\000\040\000P\000h\000i\000l\000o\000s\000o\000p\000h\000i\000e\000\040\000z\000u\000\040\000F\000o\000r\000m\000a\000l\000i\000s\000i\000e\000r\000u\000n\000g}{chapter.1}% 11
\BOOKMARK [2][-]{subsection.1.3.1}{\376\377\0001\000.\0003\000.\0001\000\040\000D\000i\000e\000\040\000A\000g\000d\000a\000-\000R\000e\000p\000r\000\344\000s\000e\000n\000t\000a\000t\000i\000o\000n\000\040\000v\000o\000n\000\040\000U\000n\000t\000e\000r\000s\000c\000h\000e\000i\000d\000u\000n\000g}{section.1.3}% 12
\BOOKMARK [2][-]{subsection.1.3.2}{\376\377\0001\000.\0003\000.\0002\000\040\000U\000n\000v\000e\000r\000m\000e\000i\000d\000b\000a\000r\000k\000e\000i\000t\000\040\000a\000l\000s\000\040\000T\000y\000p}{section.1.3}% 13
\BOOKMARK [2][-]{subsection.1.3.3}{\376\377\0001\000.\0003\000.\0003\000\040\000D\000a\000s\000\040\000T\000h\000e\000o\000r\000e\000m\000\040\000d\000e\000r\000\040\000U\000n\000v\000e\000r\000m\000e\000i\000d\000b\000a\000r\000k\000e\000i\000t}{section.1.3}% 14
\BOOKMARK [1][-]{section.1.4}{\376\377\0001\000.\0004\000\040\000D\000a\000s\000\040\000M\000e\000t\000a\000-\000A\000x\000i\000o\000m\000:\000\040\000S\000e\000i\000n\000\040\000a\000l\000s\000\040\000K\000o\000n\000s\000t\000r\000u\000i\000e\000r\000b\000a\000r\000k\000e\000i\000t}{chapter.1}% 15
\BOOKMARK [2][-]{subsection.1.4.1}{\376\377\0001\000.\0004\000.\0001\000\040\000D\000i\000e\000\040\000U\000n\000v\000e\000r\000m\000e\000i\000d\000b\000a\000r\000k\000e\000i\000t\000\040\000d\000e\000r\000\040\000M\000e\000t\000a\000-\000E\000b\000e\000n\000e\000n\000-\000W\000a\000h\000l}{section.1.4}% 16
\BOOKMARK [2][-]{subsection.1.4.2}{\376\377\0001\000.\0004\000.\0002\000\040\000W\000a\000r\000u\000m\000\040\000k\000o\000n\000s\000t\000r\000u\000k\000t\000i\000v\000e\000\040\000T\000y\000p\000e\000n\000t\000h\000e\000o\000r\000i\000e\000?}{section.1.4}% 17
\BOOKMARK [2][-]{subsection.1.4.3}{\376\377\0001\000.\0004\000.\0003\000\040\000D\000a\000s\000\040\000B\000o\000o\000t\000s\000t\000r\000a\000p\000-\000P\000r\000o\000b\000l\000e\000m}{section.1.4}% 18
\BOOKMARK [1][-]{section.1.5}{\376\377\0001\000.\0005\000\040\000W\000a\000s\000\040\000w\000i\000r\000\040\000e\000t\000a\000b\000l\000i\000e\000r\000t\000\040\000h\000a\000b\000e\000n}{chapter.1}% 19
\BOOKMARK [0][-]{chapter.2}{\376\377\0002\000\040\000G\000e\000n\000e\000s\000i\000s\000:\000\040\000D\000i\000e\000\040\000d\000r\000e\000i\000\040\000p\000r\000i\000m\000o\000r\000d\000i\000a\000l\000e\000n\000\040\000U\000n\000t\000e\000r\000s\000c\000h\000e\000i\000d\000u\000n\000g\000e\000n}{part.1}% 20
\BOOKMARK [1][-]{section.2.1}{\376\377\0002\000.\0001\000\040\000D\000i\000e\000\040\000U\000n\000m\000\366\000g\000l\000i\000c\000h\000k\000e\000i\000t\000\040\000e\000i\000n\000e\000r\000\040\000e\000i\000n\000s\000a\000m\000e\000n\000\040\000U\000n\000t\000e\000r\000s\000c\000h\000e\000i\000d\000u\000n\000g}{chapter.2}% 21
\BOOKMARK [2][-]{subsection.2.1.1}{\376\377\0002\000.\0001\000.\0001\000\040\000D\000i\000e\000\040\000d\000i\000a\000l\000e\000k\000t\000i\000s\000c\000h\000e\000\040\000N\000o\000t\000w\000e\000n\000d\000i\000g\000k\000e\000i\000t}{section.2.1}% 22
\BOOKMARK [1][-]{section.2.2}{\376\377\0002\000.\0002\000\040\000D\000i\000e\000\040\000d\000r\000e\000i\000\040\000G\000e\000n\000e\000s\000i\000s\000-\000U\000n\000t\000e\000r\000s\000c\000h\000e\000i\000d\000u\000n\000g\000e\000n}{chapter.2}% 23
\BOOKMARK [2][-]{subsection.2.2.1}{\376\377\0002\000.\0002\000.\0001\000\040\000D\0000\000:\000\040\000D\000i\000e\000\040\000e\000r\000s\000t\000e\000\040\000U\000n\000t\000e\000r\000s\000c\000h\000e\000i\000d\000u\000n\000g}{section.2.2}% 24
\BOOKMARK [2][-]{subsection.2.2.2}{\376\377\0002\000.\0002\000.\0002\000\040\000D\0001\000:\000\040\000P\000o\000l\000a\000r\000i\000t\000\344\000t}{section.2.2}% 25
\BOOKMARK [2][-]{subsection.2.2.3}{\376\377\0002\000.\0002\000.\0003\000\040\000D\0002\000:\000\040\000B\000e\000z\000i\000e\000h\000u\000n\000g}{section.2.2}% 26
\BOOKMARK [2][-]{subsection.2.2.4}{\376\377\0002\000.\0002\000.\0004\000\040\000W\000a\000r\000u\000m\000\040\000n\000i\000c\000h\000t\000\040\000D\0003\000,\000\040\000D\0004\000,\000\040\040\046\000?}{section.2.2}% 27
\BOOKMARK [1][-]{section.2.3}{\376\377\0002\000.\0003\000\040\000D\000i\000e\000\040\000A\000g\000d\000a\000-\000F\000o\000r\000m\000a\000l\000i\000s\000i\000e\000r\000u\000n\000g}{chapter.2}% 28
\BOOKMARK [2][-]{subsection.2.3.1}{\376\377\0002\000.\0003\000.\0001\000\040\000D\000e\000r\000\040\000G\000e\000n\000e\000s\000i\000s\000-\000R\000e\000c\000o\000r\000d}{section.2.3}% 29
\BOOKMARK [1][-]{section.2.4}{\376\377\0002\000.\0004\000\040\000D\000i\000e\000\040\000t\000r\000i\000n\000i\000t\000a\000r\000i\000s\000c\000h\000e\000\040\000S\000t\000r\000u\000k\000t\000u\000r}{chapter.2}% 30
\BOOKMARK [1][-]{section.2.5}{\376\377\0002\000.\0005\000\040\000V\000o\000n\000\040\000G\000e\000n\000e\000s\000i\000s\000\040\000z\000u\000\040\000G\000r\000a\000p\000h}{chapter.2}% 31
\BOOKMARK [1][-]{section.2.6}{\376\377\0002\000.\0006\000\040\000D\000i\000e\000\040\000E\000m\000e\000r\000g\000e\000n\000z\000\040\000v\000o\000n\000\040\000Z\000a\000h\000l}{chapter.2}% 32
\BOOKMARK [1][-]{section.2.7}{\376\377\0002\000.\0007\000\040\000Z\000u\000s\000a\000m\000m\000e\000n\000f\000a\000s\000s\000u\000n\000g\000:\000\040\000D\000i\000e\000\040\000G\000e\000n\000e\000s\000i\000s}{chapter.2}% 33
\BOOKMARK [0][-]{chapter.3}{\376\377\0003\000\040\000S\000\344\000t\000t\000i\000g\000u\000n\000g\000:\000\040\000D\000i\000e\000\040\000G\000e\000b\000u\000r\000t\000\040\000v\000o\000n\000\040\000K\0004}{part.1}% 34
\BOOKMARK [1][-]{section.3.1}{\376\377\0003\000.\0001\000\040\000D\000a\000s\000\040\000S\000p\000e\000i\000c\000h\000e\000r\000f\000u\000n\000k\000t\000i\000o\000n\000a\000l}{chapter.3}% 35
\BOOKMARK [2][-]{subsection.3.1.1}{\376\377\0003\000.\0001\000.\0001\000\040\000B\000e\000r\000e\000c\000h\000n\000u\000n\000g\000\040\000v\000o\000n\000\040\000\040\000f\000\374\000r\000\040\000k\000l\000e\000i\000n\000e\000\040\000n}{section.3.1}% 36
\BOOKMARK [1][-]{section.3.2}{\376\377\0003\000.\0002\000\040\000S\000\344\000t\000t\000i\000g\000u\000n\000g\000\040\000b\000e\000i\000\040\000G\000e\000n\000e\000s\000i\000s}{chapter.3}% 37
\BOOKMARK [1][-]{section.3.3}{\376\377\0003\000.\0003\000\040\000D\000e\000r\000\040\000D\000r\000u\000c\000k\000\040\000f\000\374\000r\000\040\000D\0003}{chapter.3}% 38
\BOOKMARK [2][-]{subsection.3.3.1}{\376\377\0003\000.\0003\000.\0001\000\040\000D\000e\000r\000\040\000f\000o\000r\000m\000a\000l\000e\000\040\000I\000r\000r\000e\000d\000u\000z\000i\000b\000i\000l\000i\000t\000\344\000t\000s\000b\000e\000w\000e\000i\000s}{section.3.3}% 39
\BOOKMARK [2][-]{subsection.3.3.2}{\376\377\0003\000.\0003\000.\0002\000\040\000D\0003\000\040\000w\000i\000r\000d\000\040\000e\000r\000z\000w\000u\000n\000g\000e\000n}{section.3.3}% 40
\BOOKMARK [1][-]{section.3.4}{\376\377\0003\000.\0004\000\040\000D\000i\000e\000\040\000E\000m\000e\000r\000g\000e\000n\000z\000\040\000v\000o\000n\000\040\000D\0003}{chapter.3}% 41
\BOOKMARK [1][-]{section.3.5}{\376\377\0003\000.\0005\000\040\000W\000a\000r\000u\000m\000\040\000n\000i\000c\000h\000t\000\040\000D\0004\000,\000\040\000D\0005\000,\000\040\040\046\000?}{chapter.3}% 42
\BOOKMARK [1][-]{section.3.6}{\376\377\0003\000.\0006\000\040\000D\000e\000r\000\040\000G\000r\000a\000p\000h\000\040\000K\0004}{chapter.3}% 43
\BOOKMARK [1][-]{section.3.7}{\376\377\0003\000.\0007\000\040\000Z\000u\000s\000a\000m\000m\000e\000n\000f\000a\000s\000s\000u\000n\000g\000:\000\040\000V\000o\000n\000\040\000G\000e\000n\000e\000s\000i\000s\000\040\000z\000u\000\040\000K\0004}{chapter.3}% 44
\BOOKMARK [-1][-]{part.2}{\376\377\000I\000I\000\040\000S\000p\000e\000k\000t\000r\000a\000l\000g\000e\000o\000m\000e\000t\000r\000i\000e}{}% 45
\BOOKMARK [0][-]{chapter.4}{\376\377\0004\000\040\000D\000e\000r\000\040\000K\0004\000-\000L\000a\000p\000l\000a\000c\000i\000a\000n}{part.2}% 46
\BOOKMARK [1][-]{section.4.1}{\376\377\0004\000.\0001\000\040\000D\000e\000r\000\040\000G\000r\000a\000p\000h\000-\000L\000a\000p\000l\000a\000c\000i\000a\000n}{chapter.4}% 47
\BOOKMARK [1][-]{section.4.2}{\376\377\0004\000.\0002\000\040\000E\000i\000g\000e\000n\000w\000e\000r\000t\000e\000\040\000u\000n\000d\000\040\000E\000i\000g\000e\000n\000v\000e\000k\000t\000o\000r\000e\000n}{chapter.4}% 48
\BOOKMARK [0][-]{chapter.5}{\376\377\0005\000\040\000D\000r\000e\000i\000d\000i\000m\000e\000n\000s\000i\000o\000n\000a\000l\000e\000\040\000E\000m\000e\000r\000g\000e\000n\000z}{part.2}% 49
\BOOKMARK [1][-]{section.5.1}{\376\377\0005\000.\0001\000\040\000E\000i\000g\000e\000n\000v\000e\000k\000t\000o\000r\000e\000n\000\040\000a\000l\000s\000\040\000K\000o\000o\000r\000d\000i\000n\000a\000t\000e\000n}{chapter.5}% 50
\BOOKMARK [1][-]{section.5.2}{\376\377\0005\000.\0002\000\040\000R\000\344\000u\000m\000l\000i\000c\000h\000e\000\040\000D\000i\000m\000e\000n\000s\000i\000o\000n\000\040\000a\000u\000s\000\040\000V\000i\000e\000l\000f\000a\000c\000h\000h\000e\000i\000t}{chapter.5}% 51
\BOOKMARK [0][-]{chapter.6}{\376\377\0006\000\040\000L\000o\000r\000e\000n\000t\000z\000-\000S\000i\000g\000n\000a\000t\000u\000r\000\040\000u\000n\000d\000\040\000Z\000e\000i\000t}{part.2}% 52
\BOOKMARK [1][-]{section.6.1}{\376\377\0006\000.\0001\000\040\000Z\000e\000i\000t\000l\000i\000c\000h\000e\000\040\000D\000i\000m\000e\000n\000s\000i\000o\000n\000\040\000a\000u\000s\000\040\000D\000r\000i\000f\000t}{chapter.6}% 53
\BOOKMARK [1][-]{section.6.2}{\376\377\0006\000.\0002\000\040\000D\000i\000e\000\040\000L\000o\000r\000e\000n\000t\000z\000-\000S\000i\000g\000n\000a\000t\000u\000r}{chapter.6}% 54
\BOOKMARK [-1][-]{part.3}{\376\377\000I\000I\000I\000\040\000M\000e\000t\000r\000i\000k\000\040\000u\000n\000d\000\040\000R\000a\000u\000m\000z\000e\000i\000t\000s\000t\000r\000u\000k\000t\000u\000r}{}% 55
\BOOKMARK [0][-]{chapter.7}{\376\377\0007\000\040\000D\000e\000r\000\040\000m\000e\000t\000r\000i\000s\000c\000h\000e\000\040\000T\000e\000n\000s\000o\000r}{part.3}% 56
\BOOKMARK [1][-]{section.7.1}{\376\377\0007\000.\0001\000\040\000K\000o\000n\000s\000t\000r\000u\000k\000t\000i\000o\000n\000\040\000d\000e\000r\000\040\000M\000e\000t\000r\000i\000k}{chapter.7}% 57
\BOOKMARK [1][-]{section.7.2}{\376\377\0007\000.\0002\000\040\000C\000h\000r\000i\000s\000t\000o\000f\000f\000e\000l\000-\000S\000y\000m\000b\000o\000l\000e}{chapter.7}% 58
\BOOKMARK [-1][-]{part.4}{\376\377\000I\000V\000\040\000K\000r\000\374\000m\000m\000u\000n\000g\000\040\000u\000n\000d\000\040\000F\000e\000l\000d\000g\000l\000e\000i\000c\000h\000u\000n\000g\000e\000n}{}% 59
\BOOKMARK [0][-]{chapter.8}{\376\377\0008\000\040\000Z\000w\000e\000i\000\040\000E\000b\000e\000n\000e\000n\000\040\000d\000e\000r\000\040\000K\000r\000\374\000m\000m\000u\000n\000g}{part.4}% 60
\BOOKMARK [1][-]{section.8.1}{\376\377\0008\000.\0001\000\040\000G\000e\000o\000m\000e\000t\000r\000i\000s\000c\000h\000e\000\040\000K\000r\000\374\000m\000m\000u\000n\000g}{chapter.8}% 61
\BOOKMARK [1][-]{section.8.2}{\376\377\0008\000.\0002\000\040\000S\000p\000e\000k\000t\000r\000a\000l\000e\000\040\000K\000r\000\374\000m\000m\000u\000n\000g}{chapter.8}% 62
\BOOKMARK [1][-]{section.8.3}{\376\377\0008\000.\0003\000\040\000D\000i\000e\000\040\000k\000o\000s\000m\000o\000l\000o\000g\000i\000s\000c\000h\000e\000\040\000K\000o\000n\000s\000t\000a\000n\000t\000e}{chapter.8}% 63
\BOOKMARK [0][-]{chapter.9}{\376\377\0009\000\040\000D\000i\000e\000\040\000E\000i\000n\000s\000t\000e\000i\000n\000s\000c\000h\000e\000n\000\040\000F\000e\000l\000d\000g\000l\000e\000i\000c\000h\000u\000n\000g\000e\000n}{part.4}% 64
\BOOKMARK [1][-]{section.9.1}{\376\377\0009\000.\0001\000\040\000D\000i\000e\000\040\000K\000o\000p\000p\000l\000u\000n\000g\000s\000k\000o\000n\000s\000t\000a\000n\000t\000e}{chapter.9}% 65
\BOOKMARK [1][-]{section.9.2}{\376\377\0009\000.\0002\000\040\000D\000i\000e\000\040\000v\000o\000l\000l\000s\000t\000\344\000n\000d\000i\000g\000e\000n\000\040\000G\000l\000e\000i\000c\000h\000u\000n\000g\000e\000n}{chapter.9}% 66
\BOOKMARK [1][-]{section.9.3}{\376\377\0009\000.\0003\000\040\000K\000o\000n\000s\000t\000a\000n\000t\000e\000n\000t\000a\000b\000e\000l\000l\000e}{chapter.9}% 67
\BOOKMARK [-1][-]{part.5}{\376\377\000V\000\040\000P\000h\000y\000s\000i\000k\000a\000l\000i\000s\000c\000h\000e\000\040\000V\000o\000r\000h\000e\000r\000s\000a\000g\000e\000n}{}% 68
\BOOKMARK [0][-]{chapter.10}{\376\377\0001\0000\000\040\000V\000o\000r\000h\000e\000r\000s\000a\000g\000e\000n\000\040\000u\000n\000d\000\040\000T\000e\000s\000t\000b\000a\000r\000k\000e\000i\000t}{part.5}% 69
\BOOKMARK [1][-]{section.10.1}{\376\377\0001\0000\000.\0001\000\040\000P\000a\000r\000a\000m\000e\000t\000e\000r\000f\000r\000e\000i\000e\000\040\000V\000o\000r\000h\000e\000r\000s\000a\000g\000e\000n\000\040\000\050\000K\000\366\000n\000i\000g\000s\000k\000l\000a\000s\000s\000e\000\051}{chapter.10}% 70
\BOOKMARK [1][-]{section.10.2}{\376\377\0001\0000\000.\0002\000\040\000T\000e\000s\000t\000b\000a\000r\000e\000\040\000V\000o\000r\000h\000e\000r\000s\000a\000g\000e\000n}{chapter.10}% 71
\BOOKMARK [0][-]{chapter.11}{\376\377\0001\0001\000\040\000K\000o\000s\000m\000o\000l\000o\000g\000i\000e}{part.5}% 72
\BOOKMARK [1][-]{section.11.1}{\376\377\0001\0001\000.\0001\000\040\000D\000e\000r\000\040\000U\000r\000k\000n\000a\000l\000l\000\040\000a\000l\000s\000\040\000P\000h\000a\000s\000e\000n\000\374\000b\000e\000r\000g\000a\000n\000g}{chapter.11}% 73
\BOOKMARK [1][-]{section.11.2}{\376\377\0001\0001\000.\0002\000\040\000D\000a\000s\000\040\000P\000r\000o\000b\000l\000e\000m\000\040\000d\000e\000r\000\040\000k\000o\000s\000m\000o\000l\000o\000g\000i\000s\000c\000h\000e\000n\000\040\000K\000o\000n\000s\000t\000a\000n\000t\000e}{chapter.11}% 74
\BOOKMARK [-1][-]{part.6}{\376\377\000V\000I\000\040\000D\000e\000r\000\040\000v\000o\000l\000l\000s\000t\000\344\000n\000d\000i\000g\000e\000\040\000B\000e\000w\000e\000i\000s}{}% 75
\BOOKMARK [0][-]{chapter.12}{\376\377\0001\0002\000\040\000D\000a\000s\000\040\000u\000l\000t\000i\000m\000a\000t\000i\000v\000e\000\040\000T\000h\000e\000o\000r\000e\000m}{part.6}% 76
\BOOKMARK [1][-]{section.12.1}{\376\377\0001\0002\000.\0001\000\040\000D\000i\000e\000\040\000K\000a\000u\000s\000a\000l\000k\000e\000t\000t\000e}{chapter.12}% 77
\BOOKMARK [1][-]{section.12.2}{\376\377\0001\0002\000.\0002\000\040\000D\000a\000s\000\040\000u\000l\000t\000i\000m\000a\000t\000i\000v\000e\000\040\000T\000h\000e\000o\000r\000e\000m}{chapter.12}% 78
\BOOKMARK [0][-]{chapter.13}{\376\377\0001\0003\000\040\000Z\000u\000s\000a\000m\000m\000e\000n\000f\000a\000s\000s\000u\000n\000g\000\040\000u\000n\000d\000\040\000S\000c\000h\000l\000u\000s\000s\000f\000o\000l\000g\000e\000r\000u\000n\000g\000e\000n}{part.6}% 79
\BOOKMARK [1][-]{section.13.1}{\376\377\0001\0003\000.\0001\000\040\000W\000a\000s\000\040\000F\000D\000\040\000e\000r\000r\000e\000i\000c\000h\000t}{chapter.13}% 80
\BOOKMARK [1][-]{section.13.2}{\376\377\0001\0003\000.\0002\000\040\000W\000a\000s\000\040\000F\000D\000\040\000n\000o\000c\000h\000\040\000n\000i\000c\000h\000t\000\040\000e\000r\000r\000e\000i\000c\000h\000t}{chapter.13}% 81
\BOOKMARK [1][-]{section.13.3}{\376\377\0001\0003\000.\0003\000\040\000D\000i\000e\000\040\000p\000h\000i\000l\000o\000s\000o\000p\000h\000i\000s\000c\000h\000e\000\040\000B\000e\000d\000e\000u\000t\000u\000n\000g}{chapter.13}% 82
\BOOKMARK [1][-]{section.13.4}{\376\377\0001\0003\000.\0004\000\040\000S\000c\000h\000l\000u\000s\000s\000w\000o\000r\000t}{chapter.13}% 83
\BOOKMARK [0][-]{appendix.A}{\376\377\000A\000\040\000A\000g\000d\000a\000-\000C\000o\000d\000e\000-\000R\000e\000f\000e\000r\000e\000n\000z}{part.6}% 84
\BOOKMARK [1][-]{section.A.1}{\376\377\000A\000.\0001\000\040\000W\000i\000c\000h\000t\000i\000g\000e\000\040\000F\000u\000n\000k\000t\000i\000o\000n\000e\000n}{appendix.A}% 85
\BOOKMARK [0][-]{appendix*.8}{\376\377\000L\000i\000t\000e\000r\000a\000t\000u\000r}{part.6}% 86
